c:\users\alexander\desktop\cgtaskserge\cgtask\debug\vc120.pdb
c:\users\alexander\desktop\cgtaskserge\cgtask\debug\vc120.idb
c:\users\alexander\desktop\cgtaskserge\cgtask\debug\application.obj
c:\users\alexander\desktop\cgtaskserge\cgtask\debug\geometry.obj
c:\users\alexander\desktop\cgtaskserge\cgtask\debug\mapworker.obj
c:\users\alexander\desktop\cgtaskserge\cgtask\debug\meshes.obj
c:\users\alexander\desktop\cgtaskserge\cgtask\debug\predicates.obj
c:\users\alexander\desktop\cgtaskserge\cgtask\debug\program.obj
c:\users\alexander\desktop\cgtaskserge\cgtask\debug\shaders.obj
c:\users\alexander\desktop\cgtaskserge\cgtask\debug\textures.obj
c:\users\alexander\desktop\cgtaskserge\debug\cgtaskserge.ilk
c:\users\alexander\desktop\cgtaskserge\debug\cgtaskserge.exe
c:\users\alexander\desktop\cgtaskserge\debug\cgtaskserge.pdb
c:\users\alexander\desktop\cgtaskserge\cgtask\debug\cgtaskserge.res
c:\users\alexander\desktop\cgtaskserge\cgtask\debug\cgtaskserge.tlog\cl.command.1.tlog
c:\users\alexander\desktop\cgtaskserge\cgtask\debug\cgtaskserge.tlog\cl.read.1.tlog
c:\users\alexander\desktop\cgtaskserge\cgtask\debug\cgtaskserge.tlog\cl.write.1.tlog
c:\users\alexander\desktop\cgtaskserge\cgtask\debug\cgtaskserge.tlog\link.command.1.tlog
c:\users\alexander\desktop\cgtaskserge\cgtask\debug\cgtaskserge.tlog\link.read.1.tlog
c:\users\alexander\desktop\cgtaskserge\cgtask\debug\cgtaskserge.tlog\link.write.1.tlog
c:\users\alexander\desktop\cgtaskserge\cgtask\debug\cgtaskserge.tlog\rc.command.1.tlog
c:\users\alexander\desktop\cgtaskserge\cgtask\debug\cgtaskserge.tlog\rc.read.1.tlog
c:\users\alexander\desktop\cgtaskserge\cgtask\debug\cgtaskserge.tlog\rc.write.1.tlog
